[Wed Mar 02 20:56:09 MST 2022] - INFO passoff.ServerTest: 	Setting up Persistence Test...
[Wed Mar 02 20:56:09 MST 2022] - INFO client.Proxy: 	Clear called
[Wed Mar 02 20:56:09 MST 2022] - INFO client.Client: 	Post without Request Body called
[Wed Mar 02 20:56:09 MST 2022] - INFO client.Client: 	Attempting to open connection to server
[Wed Mar 02 20:56:09 MST 2022] - INFO client.Client: 	Connection opened to server
[Wed Mar 02 20:56:09 MST 2022] - INFO client.Client: 	Setting passoffrequest method to POST
[Wed Mar 02 20:56:09 MST 2022] - INFO client.Client: 	Request method set to POST
[Wed Mar 02 20:56:09 MST 2022] - INFO client.Client: 	Setting Do Output to true
[Wed Mar 02 20:56:09 MST 2022] - INFO client.Client: 	Do Output set to true
[Wed Mar 02 20:56:09 MST 2022] - INFO client.Client: 	Connecting to server
[Wed Mar 02 20:56:09 MST 2022] - INFO client.Client: 	Connected to server
[Wed Mar 02 20:56:09 MST 2022] - INFO client.Client: 	Getting response code from server
[Wed Mar 02 20:56:09 MST 2022] - INFO client.Client: 	Response code 200 returned
[Wed Mar 02 20:56:09 MST 2022] - INFO client.Client: 	Getting input stream from server
[Wed Mar 02 20:56:09 MST 2022] - INFO client.Client: 	Reading input stream into a string
[Wed Mar 02 20:56:09 MST 2022] - INFO passoff.ServerTest: 	Running Persistence Test...
[Wed Mar 02 20:56:09 MST 2022] - INFO client.Proxy: 	Load called
[Wed Mar 02 20:56:09 MST 2022] - INFO client.Client: 	Post with Request Body called
[Wed Mar 02 20:56:09 MST 2022] - INFO client.Client: 	Attempting to open connection to server
[Wed Mar 02 20:56:09 MST 2022] - INFO client.Client: 	Connection opened to server
[Wed Mar 02 20:56:09 MST 2022] - INFO client.Client: 	Setting passoffrequest method to POST
[Wed Mar 02 20:56:09 MST 2022] - INFO client.Client: 	Request method set to POST
[Wed Mar 02 20:56:09 MST 2022] - INFO client.Client: 	Setting Do Output to true
[Wed Mar 02 20:56:09 MST 2022] - INFO client.Client: 	Do Output set to true
[Wed Mar 02 20:56:09 MST 2022] - INFO client.Client: 	Connecting to server
[Wed Mar 02 20:56:09 MST 2022] - INFO client.Client: 	Connected to server
[Wed Mar 02 20:56:09 MST 2022] - INFO client.Client: 	Opening output stream to server
[Wed Mar 02 20:56:09 MST 2022] - INFO client.Client: 	Writing passoffrequest to server output stream
[Wed Mar 02 20:56:09 MST 2022] - INFO client.Client: 	Request written to server output stream
[Wed Mar 02 20:56:09 MST 2022] - INFO client.Client: 	Closing output stream to server
[Wed Mar 02 20:56:09 MST 2022] - INFO client.Client: 	Output stream to server closed
[Wed Mar 02 20:56:09 MST 2022] - INFO client.Client: 	Getting response code from server
[Wed Mar 02 20:56:13 MST 2022] - INFO client.Client: 	Response code 400 returned
[Wed Mar 02 20:56:13 MST 2022] - INFO client.Client: 	Getting input stream from server
[Wed Mar 02 20:56:13 MST 2022] - INFO client.Client: 	Reading input stream into a string
